 _______________________________ 
||  _____                       |
||  \\   ||                     |
||   \\    PROGRAM CENCALC_OMP  |
||   //          v0.2.2         |
||  //___||                     |
||______________________________|
  
Reading the distance matrix...
 filename: reduced_dist_matrix.dat                                     
Number of Colums and rows:    31
  
Reading the data matrix...
 filename: MATRIX.dat                                                  
Number of Columns:    31
  
-------------------------
 CALCULATING THE ENTROPY 
-------------------------
  
  
CALC:  1
=========================
Estimator: Max-Likelihood
Method:            CC-MLA
Cut-Off:            8.000
Num of Snapshots:    1000
Num of columns  :      31
           ...
          10 %
          20 %
          30 %
          40 %
          50 %
          60 %
          70 %
          80 %
          90 %
         100 %
  
ESTIMATED ENTROPY (cal/mol-Kelvin)         
-----------------------------------        
# NumSnap     Entropy
     1000     27.2774
DONE
 Partial cpu-time for CALC  1:       0.24 seconds     0.00 hours
Partial real-time for CALC  1:       0.25 seconds     0.00 hours
  
  
CALC:  2
=========================
Estimator: Max-Likelihood
Method:            CC-MLA
Cut-Off:            8.000
Num of Snapshots:    2000
Num of columns  :      31
           ...
          10 %
          20 %
          30 %
          40 %
          50 %
          60 %
          70 %
          80 %
          90 %
         100 %
  
ESTIMATED ENTROPY (cal/mol-Kelvin)         
-----------------------------------        
# NumSnap     Entropy
     2000     28.3279
DONE
 Partial cpu-time for CALC  2:       0.74 seconds     0.00 hours
Partial real-time for CALC  2:       0.75 seconds     0.00 hours
  
  
CALC:  3
=========================
Estimator: Max-Likelihood
Method:            CC-MLA
Cut-Off:            8.000
Num of Snapshots:    3000
Num of columns  :      31
           ...
          10 %
          20 %
          30 %
          40 %
          50 %
          60 %
          70 %
          80 %
          90 %
         100 %
  
ESTIMATED ENTROPY (cal/mol-Kelvin)         
-----------------------------------        
# NumSnap     Entropy
     3000     28.5150
DONE
 Partial cpu-time for CALC  3:       1.58 seconds     0.00 hours
Partial real-time for CALC  3:       1.59 seconds     0.00 hours
  
  
CALC:  4
=========================
Estimator: Max-Likelihood
Method:            CC-MLA
Cut-Off:            8.000
Num of Snapshots:    4000
Num of columns  :      31
           ...
          10 %
          20 %
          30 %
          40 %
          50 %
          60 %
          70 %
          80 %
          90 %
         100 %
  
ESTIMATED ENTROPY (cal/mol-Kelvin)         
-----------------------------------        
# NumSnap     Entropy
     4000     29.3764
DONE
 Partial cpu-time for CALC  4:       2.85 seconds     0.00 hours
Partial real-time for CALC  4:       2.19 seconds     0.00 hours
  
  
CALC:  5
=========================
Estimator: Max-Likelihood
Method:            CC-MLA
Cut-Off:            8.000
Num of Snapshots:    5000
Num of columns  :      31
           ...
          10 %
          20 %
          30 %
          40 %
          50 %
          60 %
          70 %
          80 %
          90 %
         100 %
  
ESTIMATED ENTROPY (cal/mol-Kelvin)         
-----------------------------------        
# NumSnap     Entropy
     5000     30.4338
DONE
 Partial cpu-time for CALC  5:       4.45 seconds     0.00 hours
Partial real-time for CALC  5:       3.54 seconds     0.00 hours
  
              TOTAL CPU-TIME :       9.90 seconds     0.00 hours
              TOTAL REAL-TIME:       8.36 seconds     0.00 hours
